# JRE version: Java(TM) SE Runtime Environment (8.0_181-b13) (build 1.8.0_181-b13)
# Java VM: Java HotSpot(TM) 64-Bit Server VM (25.181-b13 mixed mode linux-amd64 compressed oops)
Heap:
 PSYoungGen      total 214016K, used 14307K [0x00000000e1500000, 0x00000000f1400000, 0x0000000100000000)
  eden space 199680K, 0% used [0x00000000e1500000,0x00000000e1500000,0x00000000ed800000)
  from space 14336K, 99% used [0x00000000ed800000,0x00000000ee5f8db0,0x00000000ee600000)
  to   space 14336K, 0% used [0x00000000ee600000,0x00000000ee600000,0x00000000ef400000)
 ParOldGen       total 64512K, used 22924K [0x00000000a3e00000, 0x00000000a7d00000, 0x00000000e1500000)
  object space 64512K, 35% used [0x00000000a3e00000,0x00000000a54630d8,0x00000000a7d00000)
 Metaspace       used 50225K, capacity 51874K, committed 52312K, reserved 1095680K
  class space    used 6583K, capacity 6909K, committed 7000K, reserved 1048576K
GC Heap History (10 events):
Event: 2,789 GC heap after
Heap after GC invocations=8 (full 1):
 PSYoungGen      total 106496K, used 7034K [0x00000000e1500000, 0x00000000ec080000, 0x0000000100000000)
  eden space 97280K, 0% used [0x00000000e1500000,0x00000000e1500000,0x00000000e7400000)
  from space 9216K, 76% used [0x00000000e7400000,0x00000000e7adeb10,0x00000000e7d00000)
  to   space 9216K, 0% used [0x00000000eb780000,0x00000000eb780000,0x00000000ec080000)
 ParOldGen       total 45568K, used 7838K [0x00000000a3e00000, 0x00000000a6a80000, 0x00000000e1500000)
  object space 45568K, 17% used [0x00000000a3e00000,0x00000000a45a78c8,0x00000000a6a80000)
 Metaspace       used 24035K, capacity 24734K, committed 24832K, reserved 1071104K
  class space    used 3085K, capacity 3279K, committed 3328K, reserved 1048576K
}
Event: 4,779 GC heap before
{Heap before GC invocations=9 (full 1):
 PSYoungGen      total 106496K, used 104314K [0x00000000e1500000, 0x00000000ec080000, 0x0000000100000000)
  eden space 97280K, 100% used [0x00000000e1500000,0x00000000e7400000,0x00000000e7400000)
  from space 9216K, 76% used [0x00000000e7400000,0x00000000e7adeb10,0x00000000e7d00000)
  to   space 9216K, 0% used [0x00000000eb780000,0x00000000eb780000,0x00000000ec080000)
 ParOldGen       total 45568K, used 7838K [0x00000000a3e00000, 0x00000000a6a80000, 0x00000000e1500000)
  object space 45568K, 17% used [0x00000000a3e00000,0x00000000a45a78c8,0x00000000a6a80000)
 Metaspace       used 28161K, capacity 29180K, committed 29312K, reserved 1075200K
  class space    used 3635K, capacity 3866K, committed 3968K, reserved 1048576K
Event: 4,791 GC heap after
Heap after GC invocations=9 (full 1):
 PSYoungGen      total 161280K, used 9215K [0x00000000e1500000, 0x00000000ec080000, 0x0000000100000000)
  eden space 152064K, 0% used [0x00000000e1500000,0x00000000e1500000,0x00000000ea980000)
  from space 9216K, 99% used [0x00000000eb780000,0x00000000ec07feb8,0x00000000ec080000)
  to   space 10752K, 0% used [0x00000000eab80000,0x00000000eab80000,0x00000000eb600000)
 ParOldGen       total 45568K, used 7954K [0x00000000a3e00000, 0x00000000a6a80000, 0x00000000e1500000)
  object space 45568K, 17% used [0x00000000a3e00000,0x00000000a45c4870,0x00000000a6a80000)
 Metaspace       used 28161K, capacity 29180K, committed 29312K, reserved 1075200K
  class space    used 3635K, capacity 3866K, committed 3968K, reserved 1048576K
}
Event: 6,596 GC heap before
{Heap before GC invocations=10 (full 1):
 PSYoungGen      total 161280K, used 161279K [0x00000000e1500000, 0x00000000ec080000, 0x0000000100000000)
  eden space 152064K, 100% used [0x00000000e1500000,0x00000000ea980000,0x00000000ea980000)
  from space 9216K, 99% used [0x00000000eb780000,0x00000000ec07feb8,0x00000000ec080000)
  to   space 10752K, 0% used [0x00000000eab80000,0x00000000eab80000,0x00000000eb600000)
 ParOldGen       total 45568K, used 7954K [0x00000000a3e00000, 0x00000000a6a80000, 0x00000000e1500000)
  object space 45568K, 17% used [0x00000000a3e00000,0x00000000a45c4870,0x00000000a6a80000)
 Metaspace       used 33916K, capacity 35316K, committed 35416K, reserved 1079296K
  class space    used 4389K, capacity 4672K, committed 4696K, reserved 1048576K
Event: 6,612 GC heap after
Heap after GC invocations=10 (full 1):
 PSYoungGen      total 164864K, used 10742K [0x00000000e1500000, 0x00000000ef400000, 0x0000000100000000)
  eden space 154112K, 0% used [0x00000000e1500000,0x00000000e1500000,0x00000000eab80000)
  from space 10752K, 99% used [0x00000000eab80000,0x00000000eb5fda00,0x00000000eb600000)
  to   space 14336K, 0% used [0x00000000ee600000,0x00000000ee600000,0x00000000ef400000)
 ParOldGen       total 45568K, used 14060K [0x00000000a3e00000, 0x00000000a6a80000, 0x00000000e1500000)
  object space 45568K, 30% used [0x00000000a3e00000,0x00000000a4bbb110,0x00000000a6a80000)
 Metaspace       used 33916K, capacity 35316K, committed 35416K, reserved 1079296K
  class space    used 4389K, capacity 4672K, committed 4696K, reserved 1048576K
}
Event: 6,643 GC heap before
{Heap before GC invocations=11 (full 1):
 PSYoungGen      total 164864K, used 18086K [0x00000000e1500000, 0x00000000ef400000, 0x0000000100000000)
  eden space 154112K, 4% used [0x00000000e1500000,0x00000000e1c2bea8,0x00000000eab80000)
  from space 10752K, 99% used [0x00000000eab80000,0x00000000eb5fda00,0x00000000eb600000)
  to   space 14336K, 0% used [0x00000000ee600000,0x00000000ee600000,0x00000000ef400000)
 ParOldGen       total 45568K, used 14060K [0x00000000a3e00000, 0x00000000a6a80000, 0x00000000e1500000)
  object space 45568K, 30% used [0x00000000a3e00000,0x00000000a4bbb110,0x00000000a6a80000)
 Metaspace       used 33932K, capacity 35316K, committed 35416K, reserved 1079296K
  class space    used 4391K, capacity 4672K, committed 4696K, reserved 1048576K
Event: 6,658 GC heap after
Heap after GC invocations=11 (full 1):
 PSYoungGen      total 214016K, used 5228K [0x00000000e1500000, 0x00000000f1400000, 0x0000000100000000)
  eden space 199680K, 0% used [0x00000000e1500000,0x00000000e1500000,0x00000000ed800000)
  from space 14336K, 36% used [0x00000000ee600000,0x00000000eeb1b2d8,0x00000000ef400000)
  to   space 14336K, 0% used [0x00000000ed800000,0x00000000ed800000,0x00000000ee600000)
 ParOldGen       total 45568K, used 19798K [0x00000000a3e00000, 0x00000000a6a80000, 0x00000000e1500000)
  object space 45568K, 43% used [0x00000000a3e00000,0x00000000a5155858,0x00000000a6a80000)
 Metaspace       used 33932K, capacity 35316K, committed 35416K, reserved 1079296K
  class space    used 4391K, capacity 4672K, committed 4696K, reserved 1048576K
}
Event: 6,658 GC heap before
{Heap before GC invocations=12 (full 2):
 PSYoungGen      total 214016K, used 5228K [0x00000000e1500000, 0x00000000f1400000, 0x0000000100000000)
  eden space 199680K, 0% used [0x00000000e1500000,0x00000000e1500000,0x00000000ed800000)
  from space 14336K, 36% used [0x00000000ee600000,0x00000000eeb1b2d8,0x00000000ef400000)
  to   space 14336K, 0% used [0x00000000ed800000,0x00000000ed800000,0x00000000ee600000)
 ParOldGen       total 45568K, used 19798K [0x00000000a3e00000, 0x00000000a6a80000, 0x00000000e1500000)
  object space 45568K, 43% used [0x00000000a3e00000,0x00000000a5155858,0x00000000a6a80000)
 Metaspace       used 33932K, capacity 35316K, committed 35416K, reserved 1079296K
  class space    used 4391K, capacity 4672K, committed 4696K, reserved 1048576K
Event: 6,737 GC heap after
Heap after GC invocations=12 (full 2):
 PSYoungGen      total 214016K, used 0K [0x00000000e1500000, 0x00000000f1400000, 0x0000000100000000)
  eden space 199680K, 0% used [0x00000000e1500000,0x00000000e1500000,0x00000000ed800000)
  from space 14336K, 0% used [0x00000000ee600000,0x00000000ee600000,0x00000000ef400000)
  to   space 14336K, 0% used [0x00000000ed800000,0x00000000ed800000,0x00000000ee600000)
 ParOldGen       total 64512K, used 18828K [0x00000000a3e00000, 0x00000000a7d00000, 0x00000000e1500000)
  object space 64512K, 29% used [0x00000000a3e00000,0x00000000a50631c0,0x00000000a7d00000)
 Metaspace       used 33932K, capacity 35316K, committed 35416K, reserved 1079296K
  class space    used 4391K, capacity 4672K, committed 4696K, reserved 1048576K
}
Event: 17,642 GC heap before
{Heap before GC invocations=13 (full 2):
 PSYoungGen      total 214016K, used 199680K [0x00000000e1500000, 0x00000000f1400000, 0x0000000100000000)
  eden space 199680K, 100% used [0x00000000e1500000,0x00000000ed800000,0x00000000ed800000)
  from space 14336K, 0% used [0x00000000ee600000,0x00000000ee600000,0x00000000ef400000)
  to   space 14336K, 0% used [0x00000000ed800000,0x00000000ed800000,0x00000000ee600000)
 ParOldGen       total 64512K, used 18828K [0x00000000a3e00000, 0x00000000a7d00000, 0x00000000e1500000)
  object space 64512K, 29% used [0x00000000a3e00000,0x00000000a50631c0,0x00000000a7d00000)
 Metaspace       used 50225K, capacity 51874K, committed 52312K, reserved 1095680K
  class space    used 6583K, capacity 6909K, committed 7000K, reserved 1048576K

