# JRE version: Java(TM) SE Runtime Environment (8.0_181-b13) (build 1.8.0_181-b13)
# Java VM: Java HotSpot(TM) 64-Bit Server VM (25.181-b13 mixed mode linux-amd64 compressed oops)
Heap:
 PSYoungGen      total 175104K, used 12275K [0x00000000e1500000, 0x00000000ecc00000, 0x0000000100000000)
  eden space 162816K, 0% used [0x00000000e1500000,0x00000000e1500000,0x00000000eb400000)
  from space 12288K, 99% used [0x00000000eb400000,0x00000000ebffcfe8,0x00000000ec000000)
  to   space 10240K, 0% used [0x00000000ec180000,0x00000000ec180000,0x00000000ecb80000)
 ParOldGen       total 67072K, used 25478K [0x00000000a3e00000, 0x00000000a7f80000, 0x00000000e1500000)
  object space 67072K, 37% used [0x00000000a3e00000,0x00000000a56e1930,0x00000000a7f80000)
 Metaspace       used 56855K, capacity 58850K, committed 59028K, reserved 1099776K
  class space    used 7805K, capacity 8185K, committed 8192K, reserved 1048576K
GC Heap History (10 events):
Event: 3,657 GC heap after
Heap after GC invocations=8 (full 1):
 PSYoungGen      total 104960K, used 7657K [0x00000000e1500000, 0x00000000ea600000, 0x0000000100000000)
  eden space 97280K, 0% used [0x00000000e1500000,0x00000000e1500000,0x00000000e7400000)
  from space 7680K, 99% used [0x00000000e7400000,0x00000000e7b7a700,0x00000000e7b80000)
  to   space 9216K, 0% used [0x00000000e9d00000,0x00000000e9d00000,0x00000000ea600000)
 ParOldGen       total 45056K, used 8677K [0x00000000a3e00000, 0x00000000a6a00000, 0x00000000e1500000)
  object space 45056K, 19% used [0x00000000a3e00000,0x00000000a46795d8,0x00000000a6a00000)
 Metaspace       used 32150K, capacity 33082K, committed 33408K, reserved 1077248K
  class space    used 4399K, capacity 4645K, committed 4736K, reserved 1048576K
}
Event: 4,414 GC heap before
{Heap before GC invocations=9 (full 1):
 PSYoungGen      total 104960K, used 63694K [0x00000000e1500000, 0x00000000ea600000, 0x0000000100000000)
  eden space 97280K, 57% used [0x00000000e1500000,0x00000000e4bb92e0,0x00000000e7400000)
  from space 7680K, 99% used [0x00000000e7400000,0x00000000e7b7a700,0x00000000e7b80000)
  to   space 9216K, 0% used [0x00000000e9d00000,0x00000000e9d00000,0x00000000ea600000)
 ParOldGen       total 45056K, used 8677K [0x00000000a3e00000, 0x00000000a6a00000, 0x00000000e1500000)
  object space 45056K, 19% used [0x00000000a3e00000,0x00000000a46795d8,0x00000000a6a00000)
 Metaspace       used 34295K, capacity 35386K, committed 35416K, reserved 1079296K
  class space    used 4739K, capacity 4989K, committed 4992K, reserved 1048576K
Event: 4,430 GC heap after
Heap after GC invocations=9 (full 1):
 PSYoungGen      total 139264K, used 7316K [0x00000000e1500000, 0x00000000ec000000, 0x0000000100000000)
  eden space 130048K, 0% used [0x00000000e1500000,0x00000000e1500000,0x00000000e9400000)
  from space 9216K, 79% used [0x00000000e9d00000,0x00000000ea425030,0x00000000ea600000)
  to   space 9216K, 0% used [0x00000000e9400000,0x00000000e9400000,0x00000000e9d00000)
 ParOldGen       total 45056K, used 8685K [0x00000000a3e00000, 0x00000000a6a00000, 0x00000000e1500000)
  object space 45056K, 19% used [0x00000000a3e00000,0x00000000a467b5d8,0x00000000a6a00000)
 Metaspace       used 34295K, capacity 35386K, committed 35416K, reserved 1079296K
  class space    used 4739K, capacity 4989K, committed 4992K, reserved 1048576K
}
Event: 4,430 GC heap before
{Heap before GC invocations=10 (full 2):
 PSYoungGen      total 139264K, used 7316K [0x00000000e1500000, 0x00000000ec000000, 0x0000000100000000)
  eden space 130048K, 0% used [0x00000000e1500000,0x00000000e1500000,0x00000000e9400000)
  from space 9216K, 79% used [0x00000000e9d00000,0x00000000ea425030,0x00000000ea600000)
  to   space 9216K, 0% used [0x00000000e9400000,0x00000000e9400000,0x00000000e9d00000)
 ParOldGen       total 45056K, used 8685K [0x00000000a3e00000, 0x00000000a6a00000, 0x00000000e1500000)
  object space 45056K, 19% used [0x00000000a3e00000,0x00000000a467b5d8,0x00000000a6a00000)
 Metaspace       used 34295K, capacity 35386K, committed 35416K, reserved 1079296K
  class space    used 4739K, capacity 4989K, committed 4992K, reserved 1048576K
Event: 4,502 GC heap after
Heap after GC invocations=10 (full 2):
 PSYoungGen      total 139264K, used 0K [0x00000000e1500000, 0x00000000ec000000, 0x0000000100000000)
  eden space 130048K, 0% used [0x00000000e1500000,0x00000000e1500000,0x00000000e9400000)
  from space 9216K, 0% used [0x00000000e9d00000,0x00000000e9d00000,0x00000000ea600000)
  to   space 9216K, 0% used [0x00000000e9400000,0x00000000e9400000,0x00000000e9d00000)
 ParOldGen       total 67072K, used 12085K [0x00000000a3e00000, 0x00000000a7f80000, 0x00000000e1500000)
  object space 67072K, 18% used [0x00000000a3e00000,0x00000000a49cd5c8,0x00000000a7f80000)
 Metaspace       used 34295K, capacity 35386K, committed 35416K, reserved 1079296K
  class space    used 4739K, capacity 4989K, committed 4992K, reserved 1048576K
}
Event: 6,339 GC heap before
{Heap before GC invocations=11 (full 2):
 PSYoungGen      total 139264K, used 130048K [0x00000000e1500000, 0x00000000ec000000, 0x0000000100000000)
  eden space 130048K, 100% used [0x00000000e1500000,0x00000000e9400000,0x00000000e9400000)
  from space 9216K, 0% used [0x00000000e9d00000,0x00000000e9d00000,0x00000000ea600000)
  to   space 9216K, 0% used [0x00000000e9400000,0x00000000e9400000,0x00000000e9d00000)
 ParOldGen       total 67072K, used 12085K [0x00000000a3e00000, 0x00000000a7f80000, 0x00000000e1500000)
  object space 67072K, 18% used [0x00000000a3e00000,0x00000000a49cd5c8,0x00000000a7f80000)
 Metaspace       used 39603K, capacity 41146K, committed 41304K, reserved 1085440K
  class space    used 5441K, capacity 5759K, committed 5760K, reserved 1048576K
Event: 6,364 GC heap after
Heap after GC invocations=11 (full 2):
 PSYoungGen      total 139264K, used 8675K [0x00000000e1500000, 0x00000000ecb80000, 0x0000000100000000)
  eden space 130048K, 0% used [0x00000000e1500000,0x00000000e1500000,0x00000000e9400000)
  from space 9216K, 94% used [0x00000000e9400000,0x00000000e9c78f90,0x00000000e9d00000)
  to   space 10240K, 0% used [0x00000000ec180000,0x00000000ec180000,0x00000000ecb80000)
 ParOldGen       total 67072K, used 12093K [0x00000000a3e00000, 0x00000000a7f80000, 0x00000000e1500000)
  object space 67072K, 18% used [0x00000000a3e00000,0x00000000a49cf5c8,0x00000000a7f80000)
 Metaspace       used 39603K, capacity 41146K, committed 41304K, reserved 1085440K
  class space    used 5441K, capacity 5759K, committed 5760K, reserved 1048576K
}
Event: 11,762 GC heap before
{Heap before GC invocations=12 (full 2):
 PSYoungGen      total 139264K, used 138723K [0x00000000e1500000, 0x00000000ecb80000, 0x0000000100000000)
  eden space 130048K, 100% used [0x00000000e1500000,0x00000000e9400000,0x00000000e9400000)
  from space 9216K, 94% used [0x00000000e9400000,0x00000000e9c78f90,0x00000000e9d00000)
  to   space 10240K, 0% used [0x00000000ec180000,0x00000000ec180000,0x00000000ecb80000)
 ParOldGen       total 67072K, used 12093K [0x00000000a3e00000, 0x00000000a7f80000, 0x00000000e1500000)
  object space 67072K, 18% used [0x00000000a3e00000,0x00000000a49cf5c8,0x00000000a7f80000)
 Metaspace       used 45267K, capacity 47174K, committed 47448K, reserved 1089536K
  class space    used 6144K, capacity 6507K, committed 6528K, reserved 1048576K
Event: 11,812 GC heap after
Heap after GC invocations=12 (full 2):
 PSYoungGen      total 173056K, used 10225K [0x00000000e1500000, 0x00000000ecc00000, 0x0000000100000000)
  eden space 162816K, 0% used [0x00000000e1500000,0x00000000e1500000,0x00000000eb400000)
  from space 10240K, 99% used [0x00000000ec180000,0x00000000ecb7c600,0x00000000ecb80000)
  to   space 12288K, 0% used [0x00000000eb400000,0x00000000eb400000,0x00000000ec000000)
 ParOldGen       total 67072K, used 15361K [0x00000000a3e00000, 0x00000000a7f80000, 0x00000000e1500000)
  object space 67072K, 22% used [0x00000000a3e00000,0x00000000a4d00520,0x00000000a7f80000)
 Metaspace       used 45267K, capacity 47174K, committed 47448K, reserved 1089536K
  class space    used 6144K, capacity 6507K, committed 6528K, reserved 1048576K
}
Event: 26,711 GC heap before
{Heap before GC invocations=13 (full 2):
 PSYoungGen      total 173056K, used 143369K [0x00000000e1500000, 0x00000000ecc00000, 0x0000000100000000)
  eden space 162816K, 81% used [0x00000000e1500000,0x00000000e9706000,0x00000000eb400000)
  from space 10240K, 99% used [0x00000000ec180000,0x00000000ecb7c600,0x00000000ecb80000)
  to   space 12288K, 0% used [0x00000000eb400000,0x00000000eb400000,0x00000000ec000000)
 ParOldGen       total 67072K, used 15361K [0x00000000a3e00000, 0x00000000a7f80000, 0x00000000e1500000)
  object space 67072K, 22% used [0x00000000a3e00000,0x00000000a4d00520,0x00000000a7f80000)
 Metaspace       used 56855K, capacity 58850K, committed 59028K, reserved 1099776K
  class space    used 7805K, capacity 8185K, committed 8192K, reserved 1048576K

