# JRE version: Java(TM) SE Runtime Environment (8.0_181-b13) (build 1.8.0_181-b13)
# Java VM: Java HotSpot(TM) 64-Bit Server VM (25.181-b13 mixed mode linux-amd64 compressed oops)
Heap:
 PSYoungGen      total 199680K, used 11318K [0x00000000e1500000, 0x00000000ee680000, 0x0000000100000000)
  eden space 187904K, 0% used [0x00000000e1500000,0x00000000e1500000,0x00000000ecc80000)
  from space 11776K, 96% used [0x00000000ecf80000,0x00000000eda8d8b0,0x00000000edb00000)
  to   space 7168K, 0% used [0x00000000edf80000,0x00000000edf80000,0x00000000ee680000)
 ParOldGen       total 74752K, used 17481K [0x00000000a3e00000, 0x00000000a8700000, 0x00000000e1500000)
  object space 74752K, 23% used [0x00000000a3e00000,0x00000000a4f12688,0x00000000a8700000)
 Metaspace       used 42498K, capacity 44198K, committed 44288K, reserved 1087488K
  class space    used 5530K, capacity 5873K, committed 5888K, reserved 1048576K
GC Heap History (10 events):
Event: 3,099 GC heap after
Heap after GC invocations=8 (full 1):
 PSYoungGen      total 105984K, used 5788K [0x00000000e1500000, 0x00000000eb880000, 0x0000000100000000)
  eden space 97280K, 0% used [0x00000000e1500000,0x00000000e1500000,0x00000000e7400000)
  from space 8704K, 66% used [0x00000000e7400000,0x00000000e79a73d8,0x00000000e7c80000)
  to   space 8704K, 0% used [0x00000000eb000000,0x00000000eb000000,0x00000000eb880000)
 ParOldGen       total 50176K, used 11590K [0x00000000a3e00000, 0x00000000a6f00000, 0x00000000e1500000)
  object space 50176K, 23% used [0x00000000a3e00000,0x00000000a4951a58,0x00000000a6f00000)
 Metaspace       used 25155K, capacity 26000K, committed 26240K, reserved 1073152K
  class space    used 3174K, capacity 3388K, committed 3456K, reserved 1048576K
}
Event: 3,964 GC heap before
{Heap before GC invocations=9 (full 1):
 PSYoungGen      total 105984K, used 103068K [0x00000000e1500000, 0x00000000eb880000, 0x0000000100000000)
  eden space 97280K, 100% used [0x00000000e1500000,0x00000000e7400000,0x00000000e7400000)
  from space 8704K, 66% used [0x00000000e7400000,0x00000000e79a73d8,0x00000000e7c80000)
  to   space 8704K, 0% used [0x00000000eb000000,0x00000000eb000000,0x00000000eb880000)
 ParOldGen       total 50176K, used 11590K [0x00000000a3e00000, 0x00000000a6f00000, 0x00000000e1500000)
  object space 50176K, 23% used [0x00000000a3e00000,0x00000000a4951a58,0x00000000a6f00000)
 Metaspace       used 28737K, capacity 29630K, committed 29824K, reserved 1075200K
  class space    used 3635K, capacity 3853K, committed 3968K, reserved 1048576K
Event: 3,988 GC heap after
Heap after GC invocations=9 (full 1):
 PSYoungGen      total 157696K, used 8680K [0x00000000e1500000, 0x00000000eba80000, 0x0000000100000000)
  eden space 148992K, 0% used [0x00000000e1500000,0x00000000e1500000,0x00000000ea680000)
  from space 8704K, 99% used [0x00000000eb000000,0x00000000eb87a140,0x00000000eb880000)
  to   space 9728K, 0% used [0x00000000ea680000,0x00000000ea680000,0x00000000eb000000)
 ParOldGen       total 50176K, used 11764K [0x00000000a3e00000, 0x00000000a6f00000, 0x00000000e1500000)
  object space 50176K, 23% used [0x00000000a3e00000,0x00000000a497d370,0x00000000a6f00000)
 Metaspace       used 28737K, capacity 29630K, committed 29824K, reserved 1075200K
  class space    used 3635K, capacity 3853K, committed 3968K, reserved 1048576K
}
Event: 5,094 GC heap before
{Heap before GC invocations=10 (full 1):
 PSYoungGen      total 157696K, used 116974K [0x00000000e1500000, 0x00000000eba80000, 0x0000000100000000)
  eden space 148992K, 72% used [0x00000000e1500000,0x00000000e7ec1730,0x00000000ea680000)
  from space 8704K, 99% used [0x00000000eb000000,0x00000000eb87a140,0x00000000eb880000)
  to   space 9728K, 0% used [0x00000000ea680000,0x00000000ea680000,0x00000000eb000000)
 ParOldGen       total 50176K, used 11764K [0x00000000a3e00000, 0x00000000a6f00000, 0x00000000e1500000)
  object space 50176K, 23% used [0x00000000a3e00000,0x00000000a497d370,0x00000000a6f00000)
 Metaspace       used 34143K, capacity 35288K, committed 35416K, reserved 1081344K
  class space    used 4329K, capacity 4570K, committed 4608K, reserved 1048576K
Event: 5,111 GC heap after
Heap after GC invocations=10 (full 1):
 PSYoungGen      total 158720K, used 9716K [0x00000000e1500000, 0x00000000eeb80000, 0x0000000100000000)
  eden space 148992K, 0% used [0x00000000e1500000,0x00000000e1500000,0x00000000ea680000)
  from space 9728K, 99% used [0x00000000ea680000,0x00000000eaffd030,0x00000000eb000000)
  to   space 12288K, 0% used [0x00000000edf80000,0x00000000edf80000,0x00000000eeb80000)
 ParOldGen       total 50176K, used 14530K [0x00000000a3e00000, 0x00000000a6f00000, 0x00000000e1500000)
  object space 50176K, 28% used [0x00000000a3e00000,0x00000000a4c30b38,0x00000000a6f00000)
 Metaspace       used 34143K, capacity 35288K, committed 35416K, reserved 1081344K
  class space    used 4329K, capacity 4570K, committed 4608K, reserved 1048576K
}
Event: 5,111 GC heap before
{Heap before GC invocations=11 (full 2):
 PSYoungGen      total 158720K, used 9716K [0x00000000e1500000, 0x00000000eeb80000, 0x0000000100000000)
  eden space 148992K, 0% used [0x00000000e1500000,0x00000000e1500000,0x00000000ea680000)
  from space 9728K, 99% used [0x00000000ea680000,0x00000000eaffd030,0x00000000eb000000)
  to   space 12288K, 0% used [0x00000000edf80000,0x00000000edf80000,0x00000000eeb80000)
 ParOldGen       total 50176K, used 14530K [0x00000000a3e00000, 0x00000000a6f00000, 0x00000000e1500000)
  object space 50176K, 28% used [0x00000000a3e00000,0x00000000a4c30b38,0x00000000a6f00000)
 Metaspace       used 34143K, capacity 35288K, committed 35416K, reserved 1081344K
  class space    used 4329K, capacity 4570K, committed 4608K, reserved 1048576K
Event: 5,196 GC heap after
Heap after GC invocations=11 (full 2):
 PSYoungGen      total 158720K, used 0K [0x00000000e1500000, 0x00000000eeb80000, 0x0000000100000000)
  eden space 148992K, 0% used [0x00000000e1500000,0x00000000e1500000,0x00000000ea680000)
  from space 9728K, 0% used [0x00000000ea680000,0x00000000ea680000,0x00000000eb000000)
  to   space 12288K, 0% used [0x00000000edf80000,0x00000000edf80000,0x00000000eeb80000)
 ParOldGen       total 74752K, used 17465K [0x00000000a3e00000, 0x00000000a8700000, 0x00000000e1500000)
  object space 74752K, 23% used [0x00000000a3e00000,0x00000000a4f0e688,0x00000000a8700000)
 Metaspace       used 34143K, capacity 35288K, committed 35416K, reserved 1081344K
  class space    used 4329K, capacity 4570K, committed 4608K, reserved 1048576K
}
Event: 6,647 GC heap before
{Heap before GC invocations=12 (full 2):
 PSYoungGen      total 158720K, used 148992K [0x00000000e1500000, 0x00000000eeb80000, 0x0000000100000000)
  eden space 148992K, 100% used [0x00000000e1500000,0x00000000ea680000,0x00000000ea680000)
  from space 9728K, 0% used [0x00000000ea680000,0x00000000ea680000,0x00000000eb000000)
  to   space 12288K, 0% used [0x00000000edf80000,0x00000000edf80000,0x00000000eeb80000)
 ParOldGen       total 74752K, used 17465K [0x00000000a3e00000, 0x00000000a8700000, 0x00000000e1500000)
  object space 74752K, 23% used [0x00000000a3e00000,0x00000000a4f0e688,0x00000000a8700000)
 Metaspace       used 38712K, capacity 40176K, committed 40448K, reserved 1085440K
  class space    used 5014K, capacity 5326K, committed 5376K, reserved 1048576K
Event: 6,658 GC heap after
Heap after GC invocations=12 (full 2):
 PSYoungGen      total 195072K, used 7040K [0x00000000e1500000, 0x00000000ee680000, 0x0000000100000000)
  eden space 187904K, 0% used [0x00000000e1500000,0x00000000e1500000,0x00000000ecc80000)
  from space 7168K, 98% used [0x00000000edf80000,0x00000000ee660118,0x00000000ee680000)
  to   space 11776K, 0% used [0x00000000ecf80000,0x00000000ecf80000,0x00000000edb00000)
 ParOldGen       total 74752K, used 17473K [0x00000000a3e00000, 0x00000000a8700000, 0x00000000e1500000)
  object space 74752K, 23% used [0x00000000a3e00000,0x00000000a4f10688,0x00000000a8700000)
 Metaspace       used 38712K, capacity 40176K, committed 40448K, reserved 1085440K
  class space    used 5014K, capacity 5326K, committed 5376K, reserved 1048576K
}
Event: 8,240 GC heap before
{Heap before GC invocations=13 (full 2):
 PSYoungGen      total 195072K, used 194944K [0x00000000e1500000, 0x00000000ee680000, 0x0000000100000000)
  eden space 187904K, 100% used [0x00000000e1500000,0x00000000ecc80000,0x00000000ecc80000)
  from space 7168K, 98% used [0x00000000edf80000,0x00000000ee660118,0x00000000ee680000)
  to   space 11776K, 0% used [0x00000000ecf80000,0x00000000ecf80000,0x00000000edb00000)
 ParOldGen       total 74752K, used 17473K [0x00000000a3e00000, 0x00000000a8700000, 0x00000000e1500000)
  object space 74752K, 23% used [0x00000000a3e00000,0x00000000a4f10688,0x00000000a8700000)
 Metaspace       used 42498K, capacity 44198K, committed 44288K, reserved 1087488K
  class space    used 5530K, capacity 5873K, committed 5888K, reserved 1048576K

