# JRE version: Java(TM) SE Runtime Environment (8.0_181-b13) (build 1.8.0_181-b13)
# Java VM: Java HotSpot(TM) 64-Bit Server VM (25.181-b13 mixed mode linux-amd64 compressed oops)
Heap:
 PSYoungGen      total 104960K, used 7678K [0x00000000e1500000, 0x00000000e8400000, 0x0000000100000000)
  eden space 97280K, 0% used [0x00000000e1500000,0x00000000e1500000,0x00000000e7400000)
  from space 7680K, 99% used [0x00000000e7400000,0x00000000e7b7fba0,0x00000000e7b80000)
  to   space 6656K, 0% used [0x00000000e7b80000,0x00000000e7b80000,0x00000000e8200000)
 ParOldGen       total 41984K, used 8281K [0x00000000a3e00000, 0x00000000a6700000, 0x00000000e1500000)
  object space 41984K, 19% used [0x00000000a3e00000,0x00000000a4616768,0x00000000a6700000)
 Metaspace       used 27015K, capacity 27974K, committed 28160K, reserved 1073152K
  class space    used 3559K, capacity 3789K, committed 3840K, reserved 1048576K
GC Heap History (10 events):
Event: 2,199 GC heap after
Heap after GC invocations=3 (full 0):
 PSYoungGen      total 28160K, used 3568K [0x00000000e1500000, 0x00000000e4c00000, 0x0000000100000000)
  eden space 24576K, 0% used [0x00000000e1500000,0x00000000e1500000,0x00000000e2d00000)
  from space 3584K, 99% used [0x00000000e2d00000,0x00000000e307c3e0,0x00000000e3080000)
  to   space 3584K, 0% used [0x00000000e4880000,0x00000000e4880000,0x00000000e4c00000)
 ParOldGen       total 64512K, used 2261K [0x00000000a3e00000, 0x00000000a7d00000, 0x00000000e1500000)
  object space 64512K, 3% used [0x00000000a3e00000,0x00000000a4035450,0x00000000a7d00000)
 Metaspace       used 12870K, capacity 13204K, committed 13312K, reserved 1060864K
  class space    used 1611K, capacity 1738K, committed 1792K, reserved 1048576K
}
Event: 2,431 GC heap before
{Heap before GC invocations=4 (full 0):
 PSYoungGen      total 28160K, used 28144K [0x00000000e1500000, 0x00000000e4c00000, 0x0000000100000000)
  eden space 24576K, 100% used [0x00000000e1500000,0x00000000e2d00000,0x00000000e2d00000)
  from space 3584K, 99% used [0x00000000e2d00000,0x00000000e307c3e0,0x00000000e3080000)
  to   space 3584K, 0% used [0x00000000e4880000,0x00000000e4880000,0x00000000e4c00000)
 ParOldGen       total 64512K, used 2261K [0x00000000a3e00000, 0x00000000a7d00000, 0x00000000e1500000)
  object space 64512K, 3% used [0x00000000a3e00000,0x00000000a4035450,0x00000000a7d00000)
 Metaspace       used 14461K, capacity 14938K, committed 15104K, reserved 1062912K
  class space    used 1836K, capacity 1989K, committed 2048K, reserved 1048576K
Event: 2,448 GC heap after
Heap after GC invocations=4 (full 0):
 PSYoungGen      total 52736K, used 3568K [0x00000000e1500000, 0x00000000e4c00000, 0x0000000100000000)
  eden space 49152K, 0% used [0x00000000e1500000,0x00000000e1500000,0x00000000e4500000)
  from space 3584K, 99% used [0x00000000e4880000,0x00000000e4bfc3f0,0x00000000e4c00000)
  to   space 3584K, 0% used [0x00000000e4500000,0x00000000e4500000,0x00000000e4880000)
 ParOldGen       total 64512K, used 3702K [0x00000000a3e00000, 0x00000000a7d00000, 0x00000000e1500000)
  object space 64512K, 5% used [0x00000000a3e00000,0x00000000a419dad8,0x00000000a7d00000)
 Metaspace       used 14461K, capacity 14938K, committed 15104K, reserved 1062912K
  class space    used 1836K, capacity 1989K, committed 2048K, reserved 1048576K
}
Event: 2,709 GC heap before
{Heap before GC invocations=5 (full 0):
 PSYoungGen      total 52736K, used 52720K [0x00000000e1500000, 0x00000000e4c00000, 0x0000000100000000)
  eden space 49152K, 100% used [0x00000000e1500000,0x00000000e4500000,0x00000000e4500000)
  from space 3584K, 99% used [0x00000000e4880000,0x00000000e4bfc3f0,0x00000000e4c00000)
  to   space 3584K, 0% used [0x00000000e4500000,0x00000000e4500000,0x00000000e4880000)
 ParOldGen       total 64512K, used 3702K [0x00000000a3e00000, 0x00000000a7d00000, 0x00000000e1500000)
  object space 64512K, 5% used [0x00000000a3e00000,0x00000000a419dad8,0x00000000a7d00000)
 Metaspace       used 17640K, capacity 18350K, committed 18432K, reserved 1064960K
  class space    used 2381K, capacity 2559K, committed 2560K, reserved 1048576K
Event: 2,722 GC heap after
Heap after GC invocations=5 (full 0):
 PSYoungGen      total 52736K, used 3552K [0x00000000e1500000, 0x00000000e8200000, 0x0000000100000000)
  eden space 49152K, 0% used [0x00000000e1500000,0x00000000e1500000,0x00000000e4500000)
  from space 3584K, 99% used [0x00000000e4500000,0x00000000e48783c0,0x00000000e4880000)
  to   space 6656K, 0% used [0x00000000e7b80000,0x00000000e7b80000,0x00000000e8200000)
 ParOldGen       total 64512K, used 6643K [0x00000000a3e00000, 0x00000000a7d00000, 0x00000000e1500000)
  object space 64512K, 10% used [0x00000000a3e00000,0x00000000a447cfe0,0x00000000a7d00000)
 Metaspace       used 17640K, capacity 18350K, committed 18432K, reserved 1064960K
  class space    used 2381K, capacity 2559K, committed 2560K, reserved 1048576K
}
Event: 2,936 GC heap before
{Heap before GC invocations=6 (full 0):
 PSYoungGen      total 52736K, used 43473K [0x00000000e1500000, 0x00000000e8200000, 0x0000000100000000)
  eden space 49152K, 81% used [0x00000000e1500000,0x00000000e3bfc0e8,0x00000000e4500000)
  from space 3584K, 99% used [0x00000000e4500000,0x00000000e48783c0,0x00000000e4880000)
  to   space 6656K, 0% used [0x00000000e7b80000,0x00000000e7b80000,0x00000000e8200000)
 ParOldGen       total 64512K, used 6643K [0x00000000a3e00000, 0x00000000a7d00000, 0x00000000e1500000)
  object space 64512K, 10% used [0x00000000a3e00000,0x00000000a447cfe0,0x00000000a7d00000)
 Metaspace       used 20571K, capacity 21264K, committed 21296K, reserved 1067008K
  class space    used 2762K, capacity 2928K, committed 2944K, reserved 1048576K
Event: 2,945 GC heap after
Heap after GC invocations=6 (full 0):
 PSYoungGen      total 103936K, used 6651K [0x00000000e1500000, 0x00000000e8400000, 0x0000000100000000)
  eden space 97280K, 0% used [0x00000000e1500000,0x00000000e1500000,0x00000000e7400000)
  from space 6656K, 99% used [0x00000000e7b80000,0x00000000e81fef20,0x00000000e8200000)
  to   space 7680K, 0% used [0x00000000e7400000,0x00000000e7400000,0x00000000e7b80000)
 ParOldGen       total 64512K, used 7110K [0x00000000a3e00000, 0x00000000a7d00000, 0x00000000e1500000)
  object space 64512K, 11% used [0x00000000a3e00000,0x00000000a44f19e0,0x00000000a7d00000)
 Metaspace       used 20571K, capacity 21264K, committed 21296K, reserved 1067008K
  class space    used 2762K, capacity 2928K, committed 2944K, reserved 1048576K
}
Event: 2,945 GC heap before
{Heap before GC invocations=7 (full 1):
 PSYoungGen      total 103936K, used 6651K [0x00000000e1500000, 0x00000000e8400000, 0x0000000100000000)
  eden space 97280K, 0% used [0x00000000e1500000,0x00000000e1500000,0x00000000e7400000)
  from space 6656K, 99% used [0x00000000e7b80000,0x00000000e81fef20,0x00000000e8200000)
  to   space 7680K, 0% used [0x00000000e7400000,0x00000000e7400000,0x00000000e7b80000)
 ParOldGen       total 64512K, used 7110K [0x00000000a3e00000, 0x00000000a7d00000, 0x00000000e1500000)
  object space 64512K, 11% used [0x00000000a3e00000,0x00000000a44f19e0,0x00000000a7d00000)
 Metaspace       used 20571K, capacity 21264K, committed 21296K, reserved 1067008K
  class space    used 2762K, capacity 2928K, committed 2944K, reserved 1048576K
Event: 2,981 GC heap after
Heap after GC invocations=7 (full 1):
 PSYoungGen      total 103936K, used 0K [0x00000000e1500000, 0x00000000e8400000, 0x0000000100000000)
  eden space 97280K, 0% used [0x00000000e1500000,0x00000000e1500000,0x00000000e7400000)
  from space 6656K, 0% used [0x00000000e7b80000,0x00000000e7b80000,0x00000000e8200000)
  to   space 7680K, 0% used [0x00000000e7400000,0x00000000e7400000,0x00000000e7b80000)
 ParOldGen       total 41984K, used 8013K [0x00000000a3e00000, 0x00000000a6700000, 0x00000000e1500000)
  object space 41984K, 19% used [0x00000000a3e00000,0x00000000a45d3668,0x00000000a6700000)
 Metaspace       used 20571K, capacity 21264K, committed 21296K, reserved 1067008K
  class space    used 2762K, capacity 2928K, committed 2944K, reserved 1048576K
}
Event: 39,529 GC heap before
{Heap before GC invocations=8 (full 1):
 PSYoungGen      total 103936K, used 97280K [0x00000000e1500000, 0x00000000e8400000, 0x0000000100000000)
  eden space 97280K, 100% used [0x00000000e1500000,0x00000000e7400000,0x00000000e7400000)
  from space 6656K, 0% used [0x00000000e7b80000,0x00000000e7b80000,0x00000000e8200000)
  to   space 7680K, 0% used [0x00000000e7400000,0x00000000e7400000,0x00000000e7b80000)
 ParOldGen       total 41984K, used 8013K [0x00000000a3e00000, 0x00000000a6700000, 0x00000000e1500000)
  object space 41984K, 19% used [0x00000000a3e00000,0x00000000a45d3668,0x00000000a6700000)
 Metaspace       used 27015K, capacity 27974K, committed 28160K, reserved 1073152K
  class space    used 3559K, capacity 3789K, committed 3840K, reserved 1048576K

