# JRE version: Java(TM) SE Runtime Environment (8.0_181-b13) (build 1.8.0_181-b13)
# Java VM: Java HotSpot(TM) 64-Bit Server VM (25.181-b13 mixed mode linux-amd64 compressed oops)
Heap:
 PSYoungGen      total 163328K, used 10212K [0x00000000e1500000, 0x00000000ec000000, 0x0000000100000000)
  eden space 153088K, 0% used [0x00000000e1500000,0x00000000e1500000,0x00000000eaa80000)
  from space 10240K, 99% used [0x00000000eaa80000,0x00000000eb479278,0x00000000eb480000)
  to   space 8704K, 0% used [0x00000000eb480000,0x00000000eb480000,0x00000000ebd00000)
 ParOldGen       total 45568K, used 11502K [0x00000000a3e00000, 0x00000000a6a80000, 0x00000000e1500000)
  object space 45568K, 25% used [0x00000000a3e00000,0x00000000a493b808,0x00000000a6a80000)
 Metaspace       used 34136K, capacity 35398K, committed 35496K, reserved 1079296K
  class space    used 4523K, capacity 4815K, committed 4864K, reserved 1048576K
GC Heap History (10 events):
Event: 2,549 GC heap after
Heap after GC invocations=5 (full 0):
 PSYoungGen      total 52736K, used 3552K [0x00000000e1500000, 0x00000000e8200000, 0x0000000100000000)
  eden space 49152K, 0% used [0x00000000e1500000,0x00000000e1500000,0x00000000e4500000)
  from space 3584K, 99% used [0x00000000e4500000,0x00000000e48783e0,0x00000000e4880000)
  to   space 6656K, 0% used [0x00000000e7b80000,0x00000000e7b80000,0x00000000e8200000)
 ParOldGen       total 64512K, used 6756K [0x00000000a3e00000, 0x00000000a7d00000, 0x00000000e1500000)
  object space 64512K, 10% used [0x00000000a3e00000,0x00000000a44992e0,0x00000000a7d00000)
 Metaspace       used 17594K, capacity 18216K, committed 18432K, reserved 1064960K
  class space    used 2374K, capacity 2554K, committed 2560K, reserved 1048576K
}
Event: 2,790 GC heap before
{Heap before GC invocations=6 (full 0):
 PSYoungGen      total 52736K, used 42221K [0x00000000e1500000, 0x00000000e8200000, 0x0000000100000000)
  eden space 49152K, 78% used [0x00000000e1500000,0x00000000e3ac3230,0x00000000e4500000)
  from space 3584K, 99% used [0x00000000e4500000,0x00000000e48783e0,0x00000000e4880000)
  to   space 6656K, 0% used [0x00000000e7b80000,0x00000000e7b80000,0x00000000e8200000)
 ParOldGen       total 64512K, used 6756K [0x00000000a3e00000, 0x00000000a7d00000, 0x00000000e1500000)
  object space 64512K, 10% used [0x00000000a3e00000,0x00000000a44992e0,0x00000000a7d00000)
 Metaspace       used 20596K, capacity 21272K, committed 21296K, reserved 1067008K
  class space    used 2751K, capacity 2928K, committed 2944K, reserved 1048576K
Event: 2,798 GC heap after
Heap after GC invocations=6 (full 0):
 PSYoungGen      total 103936K, used 6632K [0x00000000e1500000, 0x00000000e8400000, 0x0000000100000000)
  eden space 97280K, 0% used [0x00000000e1500000,0x00000000e1500000,0x00000000e7400000)
  from space 6656K, 99% used [0x00000000e7b80000,0x00000000e81fa198,0x00000000e8200000)
  to   space 7680K, 0% used [0x00000000e7400000,0x00000000e7400000,0x00000000e7b80000)
 ParOldGen       total 64512K, used 7168K [0x00000000a3e00000, 0x00000000a7d00000, 0x00000000e1500000)
  object space 64512K, 11% used [0x00000000a3e00000,0x00000000a45002d0,0x00000000a7d00000)
 Metaspace       used 20596K, capacity 21272K, committed 21296K, reserved 1067008K
  class space    used 2751K, capacity 2928K, committed 2944K, reserved 1048576K
}
Event: 2,798 GC heap before
{Heap before GC invocations=7 (full 1):
 PSYoungGen      total 103936K, used 6632K [0x00000000e1500000, 0x00000000e8400000, 0x0000000100000000)
  eden space 97280K, 0% used [0x00000000e1500000,0x00000000e1500000,0x00000000e7400000)
  from space 6656K, 99% used [0x00000000e7b80000,0x00000000e81fa198,0x00000000e8200000)
  to   space 7680K, 0% used [0x00000000e7400000,0x00000000e7400000,0x00000000e7b80000)
 ParOldGen       total 64512K, used 7168K [0x00000000a3e00000, 0x00000000a7d00000, 0x00000000e1500000)
  object space 64512K, 11% used [0x00000000a3e00000,0x00000000a45002d0,0x00000000a7d00000)
 Metaspace       used 20596K, capacity 21272K, committed 21296K, reserved 1067008K
  class space    used 2751K, capacity 2928K, committed 2944K, reserved 1048576K
Event: 2,832 GC heap after
Heap after GC invocations=7 (full 1):
 PSYoungGen      total 103936K, used 0K [0x00000000e1500000, 0x00000000e8400000, 0x0000000100000000)
  eden space 97280K, 0% used [0x00000000e1500000,0x00000000e1500000,0x00000000e7400000)
  from space 6656K, 0% used [0x00000000e7b80000,0x00000000e7b80000,0x00000000e8200000)
  to   space 7680K, 0% used [0x00000000e7400000,0x00000000e7400000,0x00000000e7b80000)
 ParOldGen       total 45568K, used 8057K [0x00000000a3e00000, 0x00000000a6a80000, 0x00000000e1500000)
  object space 45568K, 17% used [0x00000000a3e00000,0x00000000a45de738,0x00000000a6a80000)
 Metaspace       used 20596K, capacity 21272K, committed 21296K, reserved 1067008K
  class space    used 2751K, capacity 2928K, committed 2944K, reserved 1048576K
}
Event: 4,043 GC heap before
{Heap before GC invocations=8 (full 1):
 PSYoungGen      total 103936K, used 97280K [0x00000000e1500000, 0x00000000e8400000, 0x0000000100000000)
  eden space 97280K, 100% used [0x00000000e1500000,0x00000000e7400000,0x00000000e7400000)
  from space 6656K, 0% used [0x00000000e7b80000,0x00000000e7b80000,0x00000000e8200000)
  to   space 7680K, 0% used [0x00000000e7400000,0x00000000e7400000,0x00000000e7b80000)
 ParOldGen       total 45568K, used 8057K [0x00000000a3e00000, 0x00000000a6a80000, 0x00000000e1500000)
  object space 45568K, 17% used [0x00000000a3e00000,0x00000000a45de738,0x00000000a6a80000)
 Metaspace       used 26923K, capacity 27802K, committed 27904K, reserved 1073152K
  class space    used 3556K, capacity 3779K, committed 3840K, reserved 1048576K
Event: 4,055 GC heap after
Heap after GC invocations=8 (full 1):
 PSYoungGen      total 104960K, used 7671K [0x00000000e1500000, 0x00000000ebd00000, 0x0000000100000000)
  eden space 97280K, 0% used [0x00000000e1500000,0x00000000e1500000,0x00000000e7400000)
  from space 7680K, 99% used [0x00000000e7400000,0x00000000e7b7df58,0x00000000e7b80000)
  to   space 8704K, 0% used [0x00000000eb480000,0x00000000eb480000,0x00000000ebd00000)
 ParOldGen       total 45568K, used 8510K [0x00000000a3e00000, 0x00000000a6a80000, 0x00000000e1500000)
  object space 45568K, 18% used [0x00000000a3e00000,0x00000000a464fbd8,0x00000000a6a80000)
 Metaspace       used 26923K, capacity 27802K, committed 27904K, reserved 1073152K
  class space    used 3556K, capacity 3779K, committed 3840K, reserved 1048576K
}
Event: 5,008 GC heap before
{Heap before GC invocations=9 (full 1):
 PSYoungGen      total 104960K, used 104951K [0x00000000e1500000, 0x00000000ebd00000, 0x0000000100000000)
  eden space 97280K, 100% used [0x00000000e1500000,0x00000000e7400000,0x00000000e7400000)
  from space 7680K, 99% used [0x00000000e7400000,0x00000000e7b7df58,0x00000000e7b80000)
  to   space 8704K, 0% used [0x00000000eb480000,0x00000000eb480000,0x00000000ebd00000)
 ParOldGen       total 45568K, used 8510K [0x00000000a3e00000, 0x00000000a6a80000, 0x00000000e1500000)
  object space 45568K, 18% used [0x00000000a3e00000,0x00000000a464fbd8,0x00000000a6a80000)
 Metaspace       used 30324K, capacity 31328K, committed 31360K, reserved 1077248K
  class space    used 3981K, capacity 4208K, committed 4224K, reserved 1048576K
Event: 5,025 GC heap after
Heap after GC invocations=9 (full 1):
 PSYoungGen      total 161792K, used 8700K [0x00000000e1500000, 0x00000000ec000000, 0x0000000100000000)
  eden space 153088K, 0% used [0x00000000e1500000,0x00000000e1500000,0x00000000eaa80000)
  from space 8704K, 99% used [0x00000000eb480000,0x00000000ebcff2f0,0x00000000ebd00000)
  to   space 10240K, 0% used [0x00000000eaa80000,0x00000000eaa80000,0x00000000eb480000)
 ParOldGen       total 45568K, used 9296K [0x00000000a3e00000, 0x00000000a6a80000, 0x00000000e1500000)
  object space 45568K, 20% used [0x00000000a3e00000,0x00000000a4714038,0x00000000a6a80000)
 Metaspace       used 30324K, capacity 31328K, committed 31360K, reserved 1077248K
  class space    used 3981K, capacity 4208K, committed 4224K, reserved 1048576K
}
Event: 6,196 GC heap before
{Heap before GC invocations=10 (full 1):
 PSYoungGen      total 161792K, used 155866K [0x00000000e1500000, 0x00000000ec000000, 0x0000000100000000)
  eden space 153088K, 96% used [0x00000000e1500000,0x00000000ea4b7730,0x00000000eaa80000)
  from space 8704K, 99% used [0x00000000eb480000,0x00000000ebcff2f0,0x00000000ebd00000)
  to   space 10240K, 0% used [0x00000000eaa80000,0x00000000eaa80000,0x00000000eb480000)
 ParOldGen       total 45568K, used 9296K [0x00000000a3e00000, 0x00000000a6a80000, 0x00000000e1500000)
  object space 45568K, 20% used [0x00000000a3e00000,0x00000000a4714038,0x00000000a6a80000)
 Metaspace       used 34136K, capacity 35398K, committed 35496K, reserved 1079296K
  class space    used 4523K, capacity 4815K, committed 4864K, reserved 1048576K

