# JRE version: Java(TM) SE Runtime Environment (8.0_181-b13) (build 1.8.0_181-b13)
# Java VM: Java HotSpot(TM) 64-Bit Server VM (25.181-b13 mixed mode linux-amd64 compressed oops)
Heap:
 PSYoungGen      total 104960K, used 7149K [0x00000000e1500000, 0x00000000e8300000, 0x0000000100000000)
  eden space 97792K, 0% used [0x00000000e1500000,0x00000000e1500000,0x00000000e7480000)
  from space 7168K, 99% used [0x00000000e7480000,0x00000000e7b7b6b8,0x00000000e7b80000)
  to   space 6656K, 0% used [0x00000000e7b80000,0x00000000e7b80000,0x00000000e8200000)
 ParOldGen       total 37888K, used 8589K [0x00000000a3e00000, 0x00000000a6300000, 0x00000000e1500000)
  object space 37888K, 22% used [0x00000000a3e00000,0x00000000a46635a0,0x00000000a6300000)
 Metaspace       used 27073K, capacity 27910K, committed 28160K, reserved 1073152K
  class space    used 3533K, capacity 3741K, committed 3840K, reserved 1048576K
GC Heap History (10 events):
Event: 1,821 GC heap after
Heap after GC invocations=3 (full 0):
 PSYoungGen      total 28160K, used 3577K [0x00000000e1500000, 0x00000000e4c00000, 0x0000000100000000)
  eden space 24576K, 0% used [0x00000000e1500000,0x00000000e1500000,0x00000000e2d00000)
  from space 3584K, 99% used [0x00000000e2d00000,0x00000000e307e478,0x00000000e3080000)
  to   space 3584K, 0% used [0x00000000e4880000,0x00000000e4880000,0x00000000e4c00000)
 ParOldGen       total 64512K, used 2350K [0x00000000a3e00000, 0x00000000a7d00000, 0x00000000e1500000)
  object space 64512K, 3% used [0x00000000a3e00000,0x00000000a404b8c0,0x00000000a7d00000)
 Metaspace       used 12959K, capacity 13308K, committed 13568K, reserved 1060864K
  class space    used 1608K, capacity 1736K, committed 1792K, reserved 1048576K
}
Event: 2,134 GC heap before
{Heap before GC invocations=4 (full 0):
 PSYoungGen      total 28160K, used 28153K [0x00000000e1500000, 0x00000000e4c00000, 0x0000000100000000)
  eden space 24576K, 100% used [0x00000000e1500000,0x00000000e2d00000,0x00000000e2d00000)
  from space 3584K, 99% used [0x00000000e2d00000,0x00000000e307e478,0x00000000e3080000)
  to   space 3584K, 0% used [0x00000000e4880000,0x00000000e4880000,0x00000000e4c00000)
 ParOldGen       total 64512K, used 2350K [0x00000000a3e00000, 0x00000000a7d00000, 0x00000000e1500000)
  object space 64512K, 3% used [0x00000000a3e00000,0x00000000a404b8c0,0x00000000a7d00000)
 Metaspace       used 14468K, capacity 14882K, committed 15104K, reserved 1062912K
  class space    used 1826K, capacity 1955K, committed 2048K, reserved 1048576K
Event: 2,144 GC heap after
Heap after GC invocations=4 (full 0):
 PSYoungGen      total 52736K, used 3572K [0x00000000e1500000, 0x00000000e4c00000, 0x0000000100000000)
  eden space 49152K, 0% used [0x00000000e1500000,0x00000000e1500000,0x00000000e4500000)
  from space 3584K, 99% used [0x00000000e4880000,0x00000000e4bfd3d0,0x00000000e4c00000)
  to   space 3584K, 0% used [0x00000000e4500000,0x00000000e4500000,0x00000000e4880000)
 ParOldGen       total 64512K, used 3798K [0x00000000a3e00000, 0x00000000a7d00000, 0x00000000e1500000)
  object space 64512K, 5% used [0x00000000a3e00000,0x00000000a41b5af8,0x00000000a7d00000)
 Metaspace       used 14468K, capacity 14882K, committed 15104K, reserved 1062912K
  class space    used 1826K, capacity 1955K, committed 2048K, reserved 1048576K
}
Event: 3,390 GC heap before
{Heap before GC invocations=5 (full 0):
 PSYoungGen      total 52736K, used 52724K [0x00000000e1500000, 0x00000000e4c00000, 0x0000000100000000)
  eden space 49152K, 100% used [0x00000000e1500000,0x00000000e4500000,0x00000000e4500000)
  from space 3584K, 99% used [0x00000000e4880000,0x00000000e4bfd3d0,0x00000000e4c00000)
  to   space 3584K, 0% used [0x00000000e4500000,0x00000000e4500000,0x00000000e4880000)
 ParOldGen       total 64512K, used 3798K [0x00000000a3e00000, 0x00000000a7d00000, 0x00000000e1500000)
  object space 64512K, 5% used [0x00000000a3e00000,0x00000000a41b5af8,0x00000000a7d00000)
 Metaspace       used 17777K, capacity 18410K, committed 18432K, reserved 1064960K
  class space    used 2365K, capacity 2547K, committed 2560K, reserved 1048576K
Event: 4,720 GC heap after
Heap after GC invocations=5 (full 0):
 PSYoungGen      total 52736K, used 3568K [0x00000000e1500000, 0x00000000e8200000, 0x0000000100000000)
  eden space 49152K, 0% used [0x00000000e1500000,0x00000000e1500000,0x00000000e4500000)
  from space 3584K, 99% used [0x00000000e4500000,0x00000000e487c3f0,0x00000000e4880000)
  to   space 6656K, 0% used [0x00000000e7b80000,0x00000000e7b80000,0x00000000e8200000)
 ParOldGen       total 64512K, used 6752K [0x00000000a3e00000, 0x00000000a7d00000, 0x00000000e1500000)
  object space 64512K, 10% used [0x00000000a3e00000,0x00000000a4498070,0x00000000a7d00000)
 Metaspace       used 17777K, capacity 18410K, committed 18432K, reserved 1064960K
  class space    used 2365K, capacity 2547K, committed 2560K, reserved 1048576K
}
Event: 5,112 GC heap before
{Heap before GC invocations=6 (full 0):
 PSYoungGen      total 52736K, used 39291K [0x00000000e1500000, 0x00000000e8200000, 0x0000000100000000)
  eden space 49152K, 72% used [0x00000000e1500000,0x00000000e37e2890,0x00000000e4500000)
  from space 3584K, 99% used [0x00000000e4500000,0x00000000e487c3f0,0x00000000e4880000)
  to   space 6656K, 0% used [0x00000000e7b80000,0x00000000e7b80000,0x00000000e8200000)
 ParOldGen       total 64512K, used 6752K [0x00000000a3e00000, 0x00000000a7d00000, 0x00000000e1500000)
  object space 64512K, 10% used [0x00000000a3e00000,0x00000000a4498070,0x00000000a7d00000)
 Metaspace       used 20556K, capacity 21208K, committed 21296K, reserved 1067008K
  class space    used 2708K, capacity 2894K, committed 2944K, reserved 1048576K
Event: 5,120 GC heap after
Heap after GC invocations=6 (full 0):
 PSYoungGen      total 104448K, used 6615K [0x00000000e1500000, 0x00000000e8300000, 0x0000000100000000)
  eden space 97792K, 0% used [0x00000000e1500000,0x00000000e1500000,0x00000000e7480000)
  from space 6656K, 99% used [0x00000000e7b80000,0x00000000e81f5c08,0x00000000e8200000)
  to   space 7168K, 0% used [0x00000000e7480000,0x00000000e7480000,0x00000000e7b80000)
 ParOldGen       total 64512K, used 6808K [0x00000000a3e00000, 0x00000000a7d00000, 0x00000000e1500000)
  object space 64512K, 10% used [0x00000000a3e00000,0x00000000a44a62b8,0x00000000a7d00000)
 Metaspace       used 20556K, capacity 21208K, committed 21296K, reserved 1067008K
  class space    used 2708K, capacity 2894K, committed 2944K, reserved 1048576K
}
Event: 5,120 GC heap before
{Heap before GC invocations=7 (full 1):
 PSYoungGen      total 104448K, used 6615K [0x00000000e1500000, 0x00000000e8300000, 0x0000000100000000)
  eden space 97792K, 0% used [0x00000000e1500000,0x00000000e1500000,0x00000000e7480000)
  from space 6656K, 99% used [0x00000000e7b80000,0x00000000e81f5c08,0x00000000e8200000)
  to   space 7168K, 0% used [0x00000000e7480000,0x00000000e7480000,0x00000000e7b80000)
 ParOldGen       total 64512K, used 6808K [0x00000000a3e00000, 0x00000000a7d00000, 0x00000000e1500000)
  object space 64512K, 10% used [0x00000000a3e00000,0x00000000a44a62b8,0x00000000a7d00000)
 Metaspace       used 20556K, capacity 21208K, committed 21296K, reserved 1067008K
  class space    used 2708K, capacity 2894K, committed 2944K, reserved 1048576K
Event: 5,174 GC heap after
Heap after GC invocations=7 (full 1):
 PSYoungGen      total 104448K, used 0K [0x00000000e1500000, 0x00000000e8300000, 0x0000000100000000)
  eden space 97792K, 0% used [0x00000000e1500000,0x00000000e1500000,0x00000000e7480000)
  from space 6656K, 0% used [0x00000000e7b80000,0x00000000e7b80000,0x00000000e8200000)
  to   space 7168K, 0% used [0x00000000e7480000,0x00000000e7480000,0x00000000e7b80000)
 ParOldGen       total 37888K, used 7539K [0x00000000a3e00000, 0x00000000a6300000, 0x00000000e1500000)
  object space 37888K, 19% used [0x00000000a3e00000,0x00000000a455cd40,0x00000000a6300000)
 Metaspace       used 20556K, capacity 21208K, committed 21296K, reserved 1067008K
  class space    used 2708K, capacity 2894K, committed 2944K, reserved 1048576K
}
Event: 28,581 GC heap before
{Heap before GC invocations=8 (full 1):
 PSYoungGen      total 104448K, used 97792K [0x00000000e1500000, 0x00000000e8300000, 0x0000000100000000)
  eden space 97792K, 100% used [0x00000000e1500000,0x00000000e7480000,0x00000000e7480000)
  from space 6656K, 0% used [0x00000000e7b80000,0x00000000e7b80000,0x00000000e8200000)
  to   space 7168K, 0% used [0x00000000e7480000,0x00000000e7480000,0x00000000e7b80000)
 ParOldGen       total 37888K, used 7539K [0x00000000a3e00000, 0x00000000a6300000, 0x00000000e1500000)
  object space 37888K, 19% used [0x00000000a3e00000,0x00000000a455cd40,0x00000000a6300000)
 Metaspace       used 27073K, capacity 27910K, committed 28160K, reserved 1073152K
  class space    used 3533K, capacity 3741K, committed 3840K, reserved 1048576K

