# JRE version: Java(TM) SE Runtime Environment (8.0_181-b13) (build 1.8.0_181-b13)
# Java VM: Java HotSpot(TM) 64-Bit Server VM (25.181-b13 mixed mode linux-amd64 compressed oops)
Heap:
 PSYoungGen      total 186880K, used 0K [0x00000000e1500000, 0x00000000ee000000, 0x0000000100000000)
  eden space 167936K, 0% used [0x00000000e1500000,0x00000000e1500000,0x00000000eb900000)
  from space 18944K, 0% used [0x00000000ecd80000,0x00000000ecd80000,0x00000000ee000000)
  to   space 19968K, 0% used [0x00000000eb900000,0x00000000eb900000,0x00000000ecc80000)
 ParOldGen       total 78336K, used 27377K [0x00000000a3e00000, 0x00000000a8a80000, 0x00000000e1500000)
  object space 78336K, 34% used [0x00000000a3e00000,0x00000000a58bc4b0,0x00000000a8a80000)
 Metaspace       used 56600K, capacity 59052K, committed 59160K, reserved 1099776K
  class space    used 7482K, capacity 7914K, committed 7984K, reserved 1048576K
GC Heap History (10 events):
Event: 3,937 GC heap after
Heap after GC invocations=10 (full 1):
 PSYoungGen      total 120320K, used 12022K [0x00000000e1500000, 0x00000000ebc00000, 0x0000000100000000)
  eden space 107008K, 0% used [0x00000000e1500000,0x00000000e1500000,0x00000000e7d80000)
  from space 13312K, 90% used [0x00000000e7d80000,0x00000000e893db48,0x00000000e8a80000)
  to   space 14848K, 0% used [0x00000000ead80000,0x00000000ead80000,0x00000000ebc00000)
 ParOldGen       total 48128K, used 11983K [0x00000000a3e00000, 0x00000000a6d00000, 0x00000000e1500000)
  object space 48128K, 24% used [0x00000000a3e00000,0x00000000a49b3fd0,0x00000000a6d00000)
 Metaspace       used 33930K, capacity 35370K, committed 35496K, reserved 1081344K
  class space    used 4385K, capacity 4655K, committed 4656K, reserved 1048576K
}
Event: 3,937 GC heap before
{Heap before GC invocations=11 (full 2):
 PSYoungGen      total 120320K, used 12022K [0x00000000e1500000, 0x00000000ebc00000, 0x0000000100000000)
  eden space 107008K, 0% used [0x00000000e1500000,0x00000000e1500000,0x00000000e7d80000)
  from space 13312K, 90% used [0x00000000e7d80000,0x00000000e893db48,0x00000000e8a80000)
  to   space 14848K, 0% used [0x00000000ead80000,0x00000000ead80000,0x00000000ebc00000)
 ParOldGen       total 48128K, used 11983K [0x00000000a3e00000, 0x00000000a6d00000, 0x00000000e1500000)
  object space 48128K, 24% used [0x00000000a3e00000,0x00000000a49b3fd0,0x00000000a6d00000)
 Metaspace       used 33930K, capacity 35370K, committed 35496K, reserved 1081344K
  class space    used 4385K, capacity 4655K, committed 4656K, reserved 1048576K
Event: 4,017 GC heap after
Heap after GC invocations=11 (full 2):
 PSYoungGen      total 120320K, used 0K [0x00000000e1500000, 0x00000000ebc00000, 0x0000000100000000)
  eden space 107008K, 0% used [0x00000000e1500000,0x00000000e1500000,0x00000000e7d80000)
  from space 13312K, 0% used [0x00000000e7d80000,0x00000000e7d80000,0x00000000e8a80000)
  to   space 14848K, 0% used [0x00000000ead80000,0x00000000ead80000,0x00000000ebc00000)
 ParOldGen       total 78336K, used 18094K [0x00000000a3e00000, 0x00000000a8a80000, 0x00000000e1500000)
  object space 78336K, 23% used [0x00000000a3e00000,0x00000000a4fab870,0x00000000a8a80000)
 Metaspace       used 33930K, capacity 35370K, committed 35496K, reserved 1081344K
  class space    used 4385K, capacity 4655K, committed 4656K, reserved 1048576K
}
Event: 5,771 GC heap before
{Heap before GC invocations=12 (full 2):
 PSYoungGen      total 120320K, used 107008K [0x00000000e1500000, 0x00000000ebc00000, 0x0000000100000000)
  eden space 107008K, 100% used [0x00000000e1500000,0x00000000e7d80000,0x00000000e7d80000)
  from space 13312K, 0% used [0x00000000e7d80000,0x00000000e7d80000,0x00000000e8a80000)
  to   space 14848K, 0% used [0x00000000ead80000,0x00000000ead80000,0x00000000ebc00000)
 ParOldGen       total 78336K, used 18094K [0x00000000a3e00000, 0x00000000a8a80000, 0x00000000e1500000)
  object space 78336K, 23% used [0x00000000a3e00000,0x00000000a4fab870,0x00000000a8a80000)
 Metaspace       used 46939K, capacity 48554K, committed 49072K, reserved 1091584K
  class space    used 6197K, capacity 6529K, committed 6576K, reserved 1048576K
Event: 5,785 GC heap after
Heap after GC invocations=12 (full 2):
 PSYoungGen      total 149504K, used 14643K [0x00000000e1500000, 0x00000000ebc00000, 0x0000000100000000)
  eden space 134656K, 0% used [0x00000000e1500000,0x00000000e1500000,0x00000000e9880000)
  from space 14848K, 98% used [0x00000000ead80000,0x00000000ebbcce60,0x00000000ebc00000)
  to   space 16896K, 0% used [0x00000000e9b00000,0x00000000e9b00000,0x00000000eab80000)
 ParOldGen       total 78336K, used 18110K [0x00000000a3e00000, 0x00000000a8a80000, 0x00000000e1500000)
  object space 78336K, 23% used [0x00000000a3e00000,0x00000000a4faf870,0x00000000a8a80000)
 Metaspace       used 46939K, capacity 48554K, committed 49072K, reserved 1091584K
  class space    used 6197K, capacity 6529K, committed 6576K, reserved 1048576K
}
Event: 7,113 GC heap before
{Heap before GC invocations=13 (full 2):
 PSYoungGen      total 149504K, used 149299K [0x00000000e1500000, 0x00000000ebc00000, 0x0000000100000000)
  eden space 134656K, 100% used [0x00000000e1500000,0x00000000e9880000,0x00000000e9880000)
  from space 14848K, 98% used [0x00000000ead80000,0x00000000ebbcce60,0x00000000ebc00000)
  to   space 16896K, 0% used [0x00000000e9b00000,0x00000000e9b00000,0x00000000eab80000)
 ParOldGen       total 78336K, used 18110K [0x00000000a3e00000, 0x00000000a8a80000, 0x00000000e1500000)
  object space 78336K, 23% used [0x00000000a3e00000,0x00000000a4faf870,0x00000000a8a80000)
 Metaspace       used 52775K, capacity 55042K, committed 55344K, reserved 1097728K
  class space    used 7012K, capacity 7421K, committed 7472K, reserved 1048576K
Event: 7,146 GC heap after
Heap after GC invocations=13 (full 2):
 PSYoungGen      total 154112K, used 16086K [0x00000000e1500000, 0x00000000ee000000, 0x0000000100000000)
  eden space 137216K, 0% used [0x00000000e1500000,0x00000000e1500000,0x00000000e9b00000)
  from space 16896K, 95% used [0x00000000e9b00000,0x00000000eaab5a38,0x00000000eab80000)
  to   space 18944K, 0% used [0x00000000ecd80000,0x00000000ecd80000,0x00000000ee000000)
 ParOldGen       total 78336K, used 18118K [0x00000000a3e00000, 0x00000000a8a80000, 0x00000000e1500000)
  object space 78336K, 23% used [0x00000000a3e00000,0x00000000a4fb1870,0x00000000a8a80000)
 Metaspace       used 52775K, capacity 55042K, committed 55344K, reserved 1097728K
  class space    used 7012K, capacity 7421K, committed 7472K, reserved 1048576K
}
Event: 153,386 GC heap before
{Heap before GC invocations=14 (full 2):
 PSYoungGen      total 154112K, used 63323K [0x00000000e1500000, 0x00000000ee000000, 0x0000000100000000)
  eden space 137216K, 34% used [0x00000000e1500000,0x00000000e43213d0,0x00000000e9b00000)
  from space 16896K, 95% used [0x00000000e9b00000,0x00000000eaab5a38,0x00000000eab80000)
  to   space 18944K, 0% used [0x00000000ecd80000,0x00000000ecd80000,0x00000000ee000000)
 ParOldGen       total 78336K, used 18118K [0x00000000a3e00000, 0x00000000a8a80000, 0x00000000e1500000)
  object space 78336K, 23% used [0x00000000a3e00000,0x00000000a4fb1870,0x00000000a8a80000)
 Metaspace       used 56600K, capacity 59052K, committed 59160K, reserved 1099776K
  class space    used 7482K, capacity 7914K, committed 7984K, reserved 1048576K
Event: 154,179 GC heap after
Heap after GC invocations=14 (full 2):
 PSYoungGen      total 186880K, used 14294K [0x00000000e1500000, 0x00000000ee000000, 0x0000000100000000)
  eden space 167936K, 0% used [0x00000000e1500000,0x00000000e1500000,0x00000000eb900000)
  from space 18944K, 75% used [0x00000000ecd80000,0x00000000edb75ac0,0x00000000ee000000)
  to   space 19968K, 0% used [0x00000000eb900000,0x00000000eb900000,0x00000000ecc80000)
 ParOldGen       total 78336K, used 18126K [0x00000000a3e00000, 0x00000000a8a80000, 0x00000000e1500000)
  object space 78336K, 23% used [0x00000000a3e00000,0x00000000a4fb3870,0x00000000a8a80000)
 Metaspace       used 56600K, capacity 59052K, committed 59160K, reserved 1099776K
  class space    used 7482K, capacity 7914K, committed 7984K, reserved 1048576K
}
Event: 154,208 GC heap before
{Heap before GC invocations=15 (full 3):
 PSYoungGen      total 186880K, used 14294K [0x00000000e1500000, 0x00000000ee000000, 0x0000000100000000)
  eden space 167936K, 0% used [0x00000000e1500000,0x00000000e1500000,0x00000000eb900000)
  from space 18944K, 75% used [0x00000000ecd80000,0x00000000edb75ac0,0x00000000ee000000)
  to   space 19968K, 0% used [0x00000000eb900000,0x00000000eb900000,0x00000000ecc80000)
 ParOldGen       total 78336K, used 18126K [0x00000000a3e00000, 0x00000000a8a80000, 0x00000000e1500000)
  object space 78336K, 23% used [0x00000000a3e00000,0x00000000a4fb3870,0x00000000a8a80000)
 Metaspace       used 56600K, capacity 59052K, committed 59160K, reserved 1099776K
  class space    used 7482K, capacity 7914K, committed 7984K, reserved 1048576K

